This is pdfTeX, Version 3.14159265-2.6-1.40.17 (MiKTeX 2.9.6210 64-bit) (preloaded format=pdflatex 2017.3.16)  2 OCT 2017 17:41
entering extended mode
**./HeatDemandMethodology.tex
(HeatDemandMethodology.tex
LaTeX2e <2017/01/01> patch level 1
Babel <3.9r> and hyphenation patterns for 75 language(s) loaded.
("C:\Program Files\MiKTeX 2.9\tex\latex\base\article.cls"
Document Class: article 2014/09/29 v1.4h Standard LaTeX document class
("C:\Program Files\MiKTeX 2.9\tex\latex\base\size10.clo"
File: size10.clo 2014/09/29 v1.4h Standard LaTeX file (size option)
)
\c@part=\count79
\c@section=\count80
\c@subsection=\count81
\c@subsubsection=\count82
\c@paragraph=\count83
\c@subparagraph=\count84
\c@figure=\count85
\c@table=\count86
\abovecaptionskip=\skip41
\belowcaptionskip=\skip42
\bibindent=\dimen102
)
("C:\Program Files\MiKTeX 2.9\tex\latex\amsmath\amsmath.sty"
Package: amsmath 2016/11/05 v2.16a AMS math features
\@mathmargin=\skip43

For additional information on amsmath, use the `?' option.
("C:\Program Files\MiKTeX 2.9\tex\latex\amsmath\amstext.sty"
Package: amstext 2000/06/29 v2.01 AMS text

("C:\Program Files\MiKTeX 2.9\tex\latex\amsmath\amsgen.sty"
File: amsgen.sty 1999/11/30 v2.0 generic functions
\@emptytoks=\toks14
\ex@=\dimen103
))
("C:\Program Files\MiKTeX 2.9\tex\latex\amsmath\amsbsy.sty"
Package: amsbsy 1999/11/29 v1.2d Bold Symbols
\pmbraise@=\dimen104
)
("C:\Program Files\MiKTeX 2.9\tex\latex\amsmath\amsopn.sty"
Package: amsopn 2016/03/08 v2.02 operator names
)
\inf@bad=\count87
LaTeX Info: Redefining \frac on input line 213.
\uproot@=\count88
\leftroot@=\count89
LaTeX Info: Redefining \overline on input line 375.
\classnum@=\count90
\DOTSCASE@=\count91
LaTeX Info: Redefining \ldots on input line 472.
LaTeX Info: Redefining \dots on input line 475.
LaTeX Info: Redefining \cdots on input line 596.
\Mathstrutbox@=\box26
\strutbox@=\box27
\big@size=\dimen105
LaTeX Font Info:    Redeclaring font encoding OML on input line 712.
LaTeX Font Info:    Redeclaring font encoding OMS on input line 713.
\macc@depth=\count92
\c@MaxMatrixCols=\count93
\dotsspace@=\muskip10
\c@parentequation=\count94
\dspbrk@lvl=\count95
\tag@help=\toks15
\row@=\count96
\column@=\count97
\maxfields@=\count98
\andhelp@=\toks16
\eqnshift@=\dimen106
\alignsep@=\dimen107
\tagshift@=\dimen108
\tagwidth@=\dimen109
\totwidth@=\dimen110
\lineht@=\dimen111
\@envbody=\toks17
\multlinegap=\skip44
\multlinetaggap=\skip45
\mathdisplay@stack=\toks18
LaTeX Info: Redefining \[ on input line 2817.
LaTeX Info: Redefining \] on input line 2818.
)
("C:\Program Files\MiKTeX 2.9\tex\latex\tools\verbatim.sty"
Package: verbatim 2014/10/28 v1.5q LaTeX2e package for verbatim enhancements
\every@verbatim=\toks19
\verbatim@line=\toks20
\verbatim@in@stream=\read1
)
(C:\Users\FrancescoBaldi\AppData\Roaming\MiKTeX\2.9\tex\latex\algorithmicx\algo
rithmicx.sty
Package: algorithmicx 2005/04/27 v1.2 Algorithmicx
 ("C:\Program Files\MiKTeX 2.9\tex\latex\base\ifthen.sty"
Package: ifthen 2014/09/29 v1.1c Standard LaTeX ifthen package (DPC)
)
Document Style algorithmicx 1.2 - a greatly improved `algorithmic' style
\c@ALG@line=\count99
\c@ALG@rem=\count100
\c@ALG@nested=\count101
\ALG@tlm=\skip46
\ALG@thistlm=\skip47
\c@ALG@Lnr=\count102
\c@ALG@blocknr=\count103
\c@ALG@storecount=\count104
\c@ALG@tmpcounter=\count105
\ALG@tmplength=\skip48
)
(C:\Users\FrancescoBaldi\AppData\Roaming\MiKTeX\2.9\tex\latex\algorithmicx\algp
seudocode.sty
Package: algpseudocode 

Document Style - pseudocode environments for use with the `algorithmicx' style
) ("C:\Program Files\MiKTeX 2.9\tex\latex\tabls\tabls.sty"
\tablinesep=\dimen112
\arraylinesep=\dimen113
\extrarulesep=\dimen114
\@arstdepth=\dimen115
\@arstheight=\dimen116
\@skip@bove=\dimen117
)
(HeatDemandMethodology.aux

LaTeX Warning: Label `eqn:HTHR2' multiply defined.

)
\openout1 = `HeatDemandMethodology.aux'.

LaTeX Font Info:    Checking defaults for OML/cmm/m/it on input line 12.
LaTeX Font Info:    ... okay on input line 12.
LaTeX Font Info:    Checking defaults for T1/cmr/m/n on input line 12.
LaTeX Font Info:    ... okay on input line 12.
LaTeX Font Info:    Checking defaults for OT1/cmr/m/n on input line 12.
LaTeX Font Info:    ... okay on input line 12.
LaTeX Font Info:    Checking defaults for OMS/cmsy/m/n on input line 12.
LaTeX Font Info:    ... okay on input line 12.
LaTeX Font Info:    Checking defaults for OMX/cmex/m/n on input line 12.
LaTeX Font Info:    ... okay on input line 12.
LaTeX Font Info:    Checking defaults for U/cmr/m/n on input line 12.
LaTeX Font Info:    ... okay on input line 12.

Overfull \hbox (35.55797pt too wide) in alignment at lines 19--22
 [][][] []
 []


Underfull \hbox (badness 10000) in paragraph at lines 36--36
[]\OT1/cmr/m/n/10 Lower
 []


Underfull \hbox (badness 10000) in paragraph at lines 36--36
[]\OT1/cmr/m/n/10 Higher
 []


Overfull \hbox (1.968pt too wide) in paragraph at lines 36--37
[]\OT1/cmr/m/n/10 Optimal
 []


Underfull \hbox (badness 10000) in paragraph at lines 38--38
[]\OT1/cmr/m/n/10 Constant HTHR
 []


Underfull \hbox (badness 2435) in paragraph at lines 45--45
[]\OT1/cmr/m/n/10 HTHR in-let tem-
 []


Overfull \hbox (18.47028pt too wide) in paragraph at lines 34--51
 [][] 
 []


Underfull \hbox (badness 1931) in paragraph at lines 71--71
[]\OT1/cmr/m/n/10 Low tem-per-a-ture
 []


Underfull \hbox (badness 7667) in paragraph at lines 73--73
[]\OT1/cmr/m/n/10 Machinery space
 []


Overfull \hbox (20.59837pt too wide) in paragraph at lines 63--77
 [][] 
 []

[1

{C:/Users/FrancescoBaldi/AppData/Local/MiKTeX/2.9/pdftex/config/pdftex.map}]
[2] [3]
Overfull \hbox (2.17014pt too wide) in alignment at lines 100--103
 [][][] []
 []

[4] [5] [6] (HeatDemandMethodology.aux)

LaTeX Warning: There were multiply-defined labels.

 ) 
Here is how much of TeX's memory you used:
 1424 strings out of 493333
 17954 string characters out of 3139167
 87354 words of memory out of 3000000
 4991 multiletter control sequences out of 15000+200000
 9642 words of font info for 35 fonts, out of 3000000 for 9000
 1141 hyphenation exceptions out of 8191
 27i,14n,20p,818b,244s stack positions out of 5000i,500n,10000p,200000b,50000s
<C:/Program Files/MiKTeX 2.9/fonts/type1/public/amsfonts/cm/cmbx10.pfb><C:/Pr
ogram Files/MiKTeX 2.9/fonts/type1/public/amsfonts/cm/cmbx12.pfb><C:/Program Fi
les/MiKTeX 2.9/fonts/type1/public/amsfonts/cm/cmbx7.pfb><C:/Program Files/MiKTe
X 2.9/fonts/type1/public/amsfonts/cm/cmex10.pfb><C:/Program Files/MiKTeX 2.9/fo
nts/type1/public/amsfonts/cmextra/cmex7.pfb><C:/Program Files/MiKTeX 2.9/fonts/
type1/public/amsfonts/cm/cmmi10.pfb><C:/Program Files/MiKTeX 2.9/fonts/type1/pu
blic/amsfonts/cm/cmmi5.pfb><C:/Program Files/MiKTeX 2.9/fonts/type1/public/amsf
onts/cm/cmmi7.pfb><C:/Program Files/MiKTeX 2.9/fonts/type1/public/amsfonts/cm/c
mr10.pfb><C:/Program Files/MiKTeX 2.9/fonts/type1/public/amsfonts/cm/cmr12.pfb>
<C:/Program Files/MiKTeX 2.9/fonts/type1/public/amsfonts/cm/cmr17.pfb><C:/Progr
am Files/MiKTeX 2.9/fonts/type1/public/amsfonts/cm/cmr5.pfb><C:/Program Files/M
iKTeX 2.9/fonts/type1/public/amsfonts/cm/cmr7.pfb><C:/Program Files/MiKTeX 2.9/
fonts/type1/public/amsfonts/cm/cmr8.pfb><C:/Program Files/MiKTeX 2.9/fonts/type
1/public/amsfonts/cm/cmsy10.pfb><C:/Program Files/MiKTeX 2.9/fonts/type1/public
/amsfonts/cm/cmsy5.pfb><C:/Program Files/MiKTeX 2.9/fonts/type1/public/amsfonts
/cm/cmsy7.pfb>
Output written on HeatDemandMethodology.pdf (6 pages, 195411 bytes).
PDF statistics:
 89 PDF objects out of 1000 (max. 8388607)
 0 named destinations out of 1000 (max. 500000)
 1 words of extra memory for PDF output out of 10000 (max. 10000000)

